21-Jul-2022 (09:12) 
The profiles found a better optimum: 324.107 (best was 324.131). 
Parameter values for new optimum 
=================================================================================
par.ke     = [      0.01  1       0.01        100 1]; 
par.ku     = [    6.6625  1       0.01        100 1]; 
par.km     = [  0.017239  1     0.0001        100 1]; 
par.kem    = [    0.1077  1     0.0001        100 1]; 
par.T_A    = [    4702.7  1       0.01      1e+06 1]; 
=================================================================================
  
21-Jul-2022 (09:12) 
The profiles found a better optimum: 324.107 (best was 324.131). 
Parameter values for new optimum 
=================================================================================
par.ke     = [   0.01001  1       0.01        100 1]; 
par.ku     = [    6.6593  1       0.01        100 1]; 
par.km     = [  0.017258  1     0.0001        100 1]; 
par.kem    = [   0.10789  1     0.0001        100 1]; 
par.T_A    = [    4703.6  1       0.01      1e+06 1]; 
=================================================================================
  
21-Jul-2022 (09:24) 
The profiles found a better optimum: 324.112 (best was 324.131). 
Parameter values for new optimum 
=================================================================================
par.ke     = [  0.010007  1       0.01        100 1]; 
par.ku     = [    6.7578  1       0.01        100 1]; 
par.km     = [   0.01693  1     0.0001        100 1]; 
par.kem    = [   0.10391  1     0.0001        100 1]; 
par.T_A    = [    4580.1  1       0.01      1e+06 1]; 
=================================================================================
  
21-Jul-2022 (09:35) 
The profiles found a better optimum: 324.116 (best was 324.131). 
Parameter values for new optimum 
=================================================================================
par.ke     = [  0.010001  1       0.01        100 1]; 
par.ku     = [    6.7713  1       0.01        100 1]; 
par.km     = [   0.01687  1     0.0001        100 1]; 
par.kem    = [   0.10287  1     0.0001        100 1]; 
par.T_A    = [    4577.3  1       0.01      1e+06 1]; 
=================================================================================
  
21-Jul-2022 (09:44) 
The profiles found a better optimum: 324.107 (best was 324.131). 
Parameter values for new optimum 
=================================================================================
par.ke     = [  0.010001  1       0.01        100 1]; 
par.ku     = [    6.7381  1       0.01        100 1]; 
par.km     = [  0.017022  1     0.0001        100 1]; 
par.kem    = [    0.1053  1     0.0001        100 1]; 
par.T_A    = [    4584.5  1       0.01      1e+06 1]; 
=================================================================================
  
21-Jul-2022 (09:54) 
The profiles found a better optimum: 324.111 (best was 324.131). 
Parameter values for new optimum 
=================================================================================
par.ke     = [      0.01  1       0.01        100 1]; 
par.ku     = [    6.7363  1       0.01        100 1]; 
par.km     = [  0.017056  1     0.0001        100 1]; 
par.kem    = [   0.10618  1     0.0001        100 1]; 
par.T_A    = [    4591.2  1       0.01      1e+06 1]; 
=================================================================================
  
21-Jul-2022 (09:54) 
The profiles found a better optimum: 324.106 (best was 324.131). 
Parameter values for new optimum 
=================================================================================
par.ke     = [      0.01  1       0.01        100 1]; 
par.ku     = [    6.7287  1       0.01        100 1]; 
par.km     = [   0.01709  1     0.0001        100 1]; 
par.kem    = [   0.10592  1     0.0001        100 1]; 
par.T_A    = [    4588.6  1       0.01      1e+06 1]; 
=================================================================================
  
21-Jul-2022 (09:55) 
The profiles found a better optimum: 324.105 (best was 324.131). 
Parameter values for new optimum 
=================================================================================
par.ke     = [      0.01  1       0.01        100 1]; 
par.ku     = [    6.7185  1       0.01        100 1]; 
par.km     = [  0.017159  1     0.0001        100 1]; 
par.kem    = [   0.10666  1     0.0001        100 1]; 
par.T_A    = [    4590.3  1       0.01      1e+06 1]; 
=================================================================================
  
21-Jul-2022 (09:55) 
The profiles found a better optimum: 324.103 (best was 324.131). 
Parameter values for new optimum 
=================================================================================
par.ke     = [      0.01  1       0.01        100 1]; 
par.ku     = [    6.6865  1       0.01        100 1]; 
par.km     = [  0.017296  1     0.0001        100 1]; 
par.kem    = [   0.10893  1     0.0001        100 1]; 
par.T_A    = [    4597.9  1       0.01      1e+06 1]; 
=================================================================================
  
21-Jul-2022 (10:05) 
The profiles found a better optimum: 324.107 (best was 324.131). 
Parameter values for new optimum 
=================================================================================
par.ke     = [      0.01  1       0.01        100 1]; 
par.ku     = [    6.6675  1       0.01        100 1]; 
par.km     = [  0.017231  1     0.0001        100 1]; 
par.kem    = [   0.10728  1     0.0001        100 1]; 
par.T_A    = [    4702.9  1       0.01      1e+06 1]; 
=================================================================================
  
21-Jul-2022 (10:12) 
The profiles found a better optimum: 324.107 (best was 324.131). 
Parameter values for new optimum 
=================================================================================
par.ke     = [      0.01  1       0.01        100 1]; 
par.ku     = [    6.6651  1       0.01        100 1]; 
par.km     = [  0.017227  1     0.0001        100 1]; 
par.kem    = [    0.1075  1     0.0001        100 1]; 
par.T_A    = [    4701.9  1       0.01      1e+06 1]; 
=================================================================================
  
21-Jul-2022 (10:12) 
The profiles found a better optimum: 324.107 (best was 324.131). 
Parameter values for new optimum 
=================================================================================
par.ke     = [      0.01  1       0.01        100 1]; 
par.ku     = [    6.6623  1       0.01        100 1]; 
par.km     = [  0.017234  1     0.0001        100 1]; 
par.kem    = [   0.10771  1     0.0001        100 1]; 
par.T_A    = [    4702.2  1       0.01      1e+06 1]; 
=================================================================================
  
21-Jul-2022 (10:13) 
The profiles found a better optimum: 324.105 (best was 324.131). 
Parameter values for new optimum 
=================================================================================
par.ke     = [  0.010005  1       0.01        100 1]; 
par.ku     = [    6.6618  1       0.01        100 1]; 
par.km     = [  0.017399  1     0.0001        100 1]; 
par.kem    = [   0.11075  1     0.0001        100 1]; 
par.T_A    = [    4601.8  1       0.01      1e+06 1]; 
=================================================================================
  
21-Jul-2022 (10:22) 
The profiles found a better optimum: 324.115 (best was 324.131). 
Parameter values for new optimum 
=================================================================================
par.ke     = [      0.01  1       0.01        100 1]; 
par.ku     = [    6.7033  1       0.01        100 1]; 
par.km     = [  0.017326  1     0.0001        100 1]; 
par.kem    = [   0.10858  1     0.0001        100 1]; 
par.T_A    = [      4608  1       0.01      1e+06 1]; 
=================================================================================
  
21-Jul-2022 (10:22) 
The profiles found a better optimum: 324.106 (best was 324.131). 
Parameter values for new optimum 
=================================================================================
par.ke     = [  0.010012  1       0.01        100 1]; 
par.ku     = [    6.7004  1       0.01        100 1]; 
par.km     = [  0.017262  1     0.0001        100 1]; 
par.kem    = [   0.10829  1     0.0001        100 1]; 
par.T_A    = [    4598.8  1       0.01      1e+06 1]; 
=================================================================================
  
21-Jul-2022 (10:31) 
The profiles found a better optimum: 324.115 (best was 324.131). 
Parameter values for new optimum 
=================================================================================
par.ke     = [  0.010004  1       0.01        100 1]; 
par.ku     = [    6.6505  1       0.01        100 1]; 
par.km     = [  0.017565  1     0.0001        100 1]; 
par.kem    = [   0.11214  1     0.0001        100 1]; 
par.T_A    = [    4617.2  1       0.01      1e+06 1]; 
=================================================================================
  
21-Jul-2022 (10:32) 
The profiles found a better optimum: 324.113 (best was 324.131). 
Parameter values for new optimum 
=================================================================================
par.ke     = [  0.010023  1       0.01        100 1]; 
par.ku     = [    6.6837  1       0.01        100 1]; 
par.km     = [   0.01717  1     0.0001        100 1]; 
par.kem    = [   0.10672  1     0.0001        100 1]; 
par.T_A    = [    4682.1  1       0.01      1e+06 1]; 
=================================================================================
  
