21-Jul-2022 (11:54) 
The profiles found a better optimum: 250.135 (best was 250.165). 
Parameter values for new optimum 
=================================================================================
par.ke     = [   0.12197  1       0.01        100 1]; 
par.ku     = [    3.1956  1       0.01        100 1]; 
par.km     = [  0.024821  1     0.0001        100 1]; 
par.kem    = [   0.61477  1     0.0001        100 1]; 
par.T_A    = [    2944.8  1       0.01      1e+06 1]; 
=================================================================================
  
21-Jul-2022 (11:55) 
The profiles found a better optimum: 250.134 (best was 250.165). 
Parameter values for new optimum 
=================================================================================
par.ke     = [   0.12172  1       0.01        100 1]; 
par.ku     = [    3.1946  1       0.01        100 1]; 
par.km     = [  0.024802  1     0.0001        100 1]; 
par.kem    = [   0.61488  1     0.0001        100 1]; 
par.T_A    = [    2946.7  1       0.01      1e+06 1]; 
=================================================================================
  
21-Jul-2022 (11:55) 
The profiles found a better optimum: 250.131 (best was 250.165). 
Parameter values for new optimum 
=================================================================================
par.ke     = [   0.12124  1       0.01        100 1]; 
par.ku     = [    3.1919  1       0.01        100 1]; 
par.km     = [  0.024863  1     0.0001        100 1]; 
par.kem    = [   0.61427  1     0.0001        100 1]; 
par.T_A    = [    2971.5  1       0.01      1e+06 1]; 
=================================================================================
  
21-Jul-2022 (11:57) 
The profiles found a better optimum: 250.112 (best was 250.131). 
Parameter values for new optimum 
=================================================================================
par.ke     = [   0.11374  1       0.01        100 1]; 
par.ku     = [    3.1638  1       0.01        100 1]; 
par.km     = [    0.0257  1     0.0001        100 1]; 
par.kem    = [   0.63608  1     0.0001        100 1]; 
par.T_A    = [      2981  1       0.01      1e+06 1]; 
=================================================================================
  
21-Jul-2022 (11:58) 
The profiles found a better optimum: 250.046 (best was 250.082). 
Parameter values for new optimum 
=================================================================================
par.ke     = [   0.11674  1       0.01        100 1]; 
par.ku     = [    3.1642  1       0.01        100 1]; 
par.km     = [   0.02547  1     0.0001        100 1]; 
par.kem    = [    0.6375  1     0.0001        100 1]; 
par.T_A    = [    2910.3  1       0.01      1e+06 1]; 
=================================================================================
  
21-Jul-2022 (12:25) 
The profiles found a better optimum: 250.025 (best was 250.04). 
Parameter values for new optimum 
=================================================================================
par.ke     = [   0.11851  1       0.01        100 1]; 
par.ku     = [    3.1659  1       0.01        100 1]; 
par.km     = [  0.025496  1     0.0001        100 1]; 
par.kem    = [    0.6379  1     0.0001        100 1]; 
par.T_A    = [    2875.4  1       0.01      1e+06 1]; 
=================================================================================
  
21-Jul-2022 (12:26) 
The profiles found a better optimum: 250.019 (best was 250.024). 
Parameter values for new optimum 
=================================================================================
par.ke     = [   0.11848  1       0.01        100 1]; 
par.ku     = [      3.17  1       0.01        100 1]; 
par.km     = [  0.025523  1     0.0001        100 1]; 
par.kem    = [   0.63764  1     0.0001        100 1]; 
par.T_A    = [    2876.5  1       0.01      1e+06 1]; 
=================================================================================
  
21-Jul-2022 (15:22) 
The profiles found a better optimum: 250.023 (best was 250.024). 
Parameter values for new optimum 
=================================================================================
par.ke     = [   0.11846  1       0.01        100 1]; 
par.ku     = [    3.1719  1       0.01        100 1]; 
par.km     = [  0.025644  1     0.0001        100 1]; 
par.kem    = [   0.63764  1     0.0001        100 1]; 
par.T_A    = [    2872.9  1       0.01      1e+06 1]; 
=================================================================================
  
