=================================================================================
Results of the parameter estimation with BYOM version 6.2 (27/06/2022)
=================================================================================
   Filename      : byom_TK_T_IMI 
   Analysis date : 21-Jul-2022 (09:08) 
   Data entered  :
     data state 1(1): 6x3, continuous data, no transf.
     data state 1(2): 6x3, continuous data, no transf.
     data state 1(3): 6x3, continuous data, no transf.
     data state 2(1): 0x0, no data.
     data state 2(2): 6x3, continuous data, no transf.
     data state 2(3): 6x3, continuous data, no transf.
   Search method: Nelder-Mead simplex direct search, 2 rounds. 
     The optimisation routine has converged to a solution
     Total 409 simplex iterations used to optimise. 
     Minus log-likelihood has reached the value 324.17 (AIC=658.34). 
=================================================================================
ke        0.01271 (fit: 1, initial: 0.1524) 
ku          6.610 (fit: 1, initial: 3.213) 
km        0.01732 (fit: 1, initial: 0.04913) 
kem        0.1063 (fit: 1, initial: 0.8589) 
T_A         4703. (fit: 1, initial: 2818) 
=================================================================================
Time required: 7.2 secs
=================================================================================
Results of the parameter estimation with BYOM version 6.2 (27/06/2022)
=================================================================================
   Filename      : byom_TK_T_IMI 
   Analysis date : 21-Jul-2022 (09:12) 
   Data entered  :
     data state 1(1): 6x3, continuous data, no transf.
     data state 1(2): 6x3, continuous data, no transf.
     data state 1(3): 6x3, continuous data, no transf.
     data state 2(1): 0x0, no data.
     data state 2(2): 6x3, continuous data, no transf.
     data state 2(3): 6x3, continuous data, no transf.
   Search method: Nelder-Mead simplex direct search, 2 rounds. 
     No convergence, optimisation stopped on maximum number of iterations
     Total 638 simplex iterations used to optimise. 
     Minus log-likelihood has reached the value 324.13 (AIC=658.26). 
=================================================================================
ke        0.01000 (fit: 1, initial: 0.01271) 
ku          6.765 (fit: 1, initial: 6.61) 
km        0.01704 (fit: 1, initial: 0.01732) 
kem        0.1074 (fit: 1, initial: 0.1063) 
T_A         4613. (fit: 1, initial: 4703) 
=================================================================================
Time required: 10.0 secs
 
Calculating profiles and sample from confidence region ... please be patient.
 
The profiles found a better optimum: 324.103 (best was 324.131). 
   It is a good idea to also make new plots for the fit.
Parameter values for new optimum (formatted for copy-paste) 
=================================================================================
par.ke     = [      0.01  1       0.01        100 1]; 
par.ku     = [    6.6865  1       0.01        100 1]; 
par.km     = [  0.017296  1     0.0001        100 1]; 
par.kem    = [   0.10893  1     0.0001        100 1]; 
par.T_A    = [    4597.9  1       0.01      1e+06 1]; 
=================================================================================
  
95% confidence interval(s) from the profile(s)
=================================================================================
ke         interval:   <0.01000 -  0.1200 
ku         interval:      5.394 -  8.143 
km         interval:    0.01246 -  0.02345 
kem        interval: <0.0001000 -  0.2130 
T_A        interval:      3222. -  6117. 
=================================================================================
 
Time required: 1 hour, 27 mins, 42.3 secs
=================================================================================
Results of the parameter estimation with BYOM version 6.2 (27/06/2022)
=================================================================================
   Filename      : byom_TK_T_IMI 
   Analysis date : 21-Jul-2022 (11:48) 
   Data entered  :
     data state 1(1): 6x3, continuous data, no transf.
     data state 1(2): 6x3, continuous data, no transf.
     data state 1(3): 6x3, continuous data, no transf.
     data state 2(1): 0x0, no data.
     data state 2(2): 6x3, continuous data, no transf.
     data state 2(3): 6x3, continuous data, no transf.
   Search method: Nelder-Mead simplex direct search, 2 rounds. 
     The optimisation routine has converged to a solution
     Total 555 simplex iterations used to optimise. 
     Minus log-likelihood has reached the value 250.32 (AIC=510.64). 
=================================================================================
ke         0.1195 (fit: 1, initial: 0.01271) 
ku          3.177 (fit: 1, initial: 6.61) 
km        0.02191 (fit: 1, initial: 0.01732) 
kem        0.5188 (fit: 1, initial: 0.1063) 
T_A         2856. (fit: 1, initial: 4703) 
=================================================================================
Time required: 7.3 secs
=================================================================================
Results of the parameter estimation with BYOM version 6.2 (27/06/2022)
=================================================================================
   Filename      : byom_TK_T_IMI 
   Analysis date : 21-Jul-2022 (11:54) 
   Data entered  :
     data state 1(1): 6x3, continuous data, no transf.
     data state 1(2): 6x3, continuous data, no transf.
     data state 1(3): 6x3, continuous data, no transf.
     data state 2(1): 0x0, no data.
     data state 2(2): 6x3, continuous data, no transf.
     data state 2(3): 6x3, continuous data, no transf.
   Search method: Nelder-Mead simplex direct search, 2 rounds. 
     The optimisation routine has converged to a solution
     Total 477 simplex iterations used to optimise. 
     Minus log-likelihood has reached the value 250.16 (AIC=510.33). 
=================================================================================
ke         0.1221 (fit: 1, initial: 0.1195) 
ku          3.160 (fit: 1, initial: 3.177) 
km        0.02213 (fit: 1, initial: 0.02191) 
kem        0.5160 (fit: 1, initial: 0.5188) 
T_A         2934. (fit: 1, initial: 2856) 
=================================================================================
Time required: 9.3 secs
 
Calculating profiles and sample from confidence region ... please be patient.
[Warning: Better optimum was found, initiating new optimisation] 
Goodness-of-fit measures for each state and each data set (R-square)
Based on the individual replicates, accounting for transformations, and including t=0
state 1.   0.81   0.95   0.78
state 2.    NaN  -0.35  -1.58
=================================================================================
Results of the parameter estimation with BYOM version 6.2 (27/06/2022)
=================================================================================
   Filename      : byom_TK_T_IMI 
   Analysis date : 21-Jul-2022 (11:55) 
   Data entered  :
     data state 1(1): 6x3, continuous data, no transf.
     data state 1(2): 6x3, continuous data, no transf.
     data state 1(3): 6x3, continuous data, no transf.
     data state 2(1): 0x0, no data.
     data state 2(2): 6x3, continuous data, no transf.
     data state 2(3): 6x3, continuous data, no transf.
   Search method: Nelder-Mead simplex direct search, 2 rounds. 
     The optimisation routine has converged to a solution
     Total 250 simplex iterations used to optimise. 
     Minus log-likelihood has reached the value 250.13 (AIC=510.26). 
=================================================================================
ke         0.1212 (fit: 1, initial: 0.1212) 
ku          3.192 (fit: 1, initial: 3.192) 
km        0.02485 (fit: 1, initial: 0.02486) 
kem        0.6143 (fit: 1, initial: 0.6143) 
T_A         2972. (fit: 1, initial: 2971) 
=================================================================================
Time required: 1 min, 43.6 secs
=================================================================================
Results of the parameter estimation with BYOM version 6.2 (27/06/2022)
=================================================================================
   Filename      : byom_TK_T_IMI 
   Analysis date : 21-Jul-2022 (11:58) 
   Data entered  :
     data state 1(1): 6x3, continuous data, no transf.
     data state 1(2): 6x3, continuous data, no transf.
     data state 1(3): 6x3, continuous data, no transf.
     data state 2(1): 0x0, no data.
     data state 2(2): 6x3, continuous data, no transf.
     data state 2(3): 6x3, continuous data, no transf.
   Search method: Nelder-Mead simplex direct search, 2 rounds. 
     The optimisation routine has converged to a solution
     Total 303 simplex iterations used to optimise. 
     Minus log-likelihood has reached the value 250.08 (AIC=510.16). 
=================================================================================
ke         0.1169 (fit: 1, initial: 0.1137) 
ku          3.179 (fit: 1, initial: 3.164) 
km        0.02509 (fit: 1, initial: 0.0257) 
kem        0.6339 (fit: 1, initial: 0.6361) 
T_A         2985. (fit: 1, initial: 2981) 
=================================================================================
Time required: 4 mins, 9.6 secs
=================================================================================
Results of the parameter estimation with BYOM version 6.2 (27/06/2022)
=================================================================================
   Filename      : byom_TK_T_IMI 
   Analysis date : 21-Jul-2022 (11:59) 
   Data entered  :
     data state 1(1): 6x3, continuous data, no transf.
     data state 1(2): 6x3, continuous data, no transf.
     data state 1(3): 6x3, continuous data, no transf.
     data state 2(1): 0x0, no data.
     data state 2(2): 6x3, continuous data, no transf.
     data state 2(3): 6x3, continuous data, no transf.
   Search method: Nelder-Mead simplex direct search, 2 rounds. 
     The optimisation routine has converged to a solution
     Total 460 simplex iterations used to optimise. 
     Minus log-likelihood has reached the value 250.04 (AIC=510.08). 
=================================================================================
ke         0.1176 (fit: 1, initial: 0.1167) 
ku          3.169 (fit: 1, initial: 3.164) 
km        0.02567 (fit: 1, initial: 0.02547) 
kem        0.6366 (fit: 1, initial: 0.6375) 
T_A         2912. (fit: 1, initial: 2910) 
=================================================================================
Time required: 5 mins, 1.5 secs
=================================================================================
Results of the parameter estimation with BYOM version 6.2 (27/06/2022)
=================================================================================
   Filename      : byom_TK_T_IMI 
   Analysis date : 21-Jul-2022 (12:26) 
   Data entered  :
     data state 1(1): 6x3, continuous data, no transf.
     data state 1(2): 6x3, continuous data, no transf.
     data state 1(3): 6x3, continuous data, no transf.
     data state 2(1): 0x0, no data.
     data state 2(2): 6x3, continuous data, no transf.
     data state 2(3): 6x3, continuous data, no transf.
   Search method: Nelder-Mead simplex direct search, 2 rounds. 
     The optimisation routine has converged to a solution
     Total 470 simplex iterations used to optimise. 
     Minus log-likelihood has reached the value 250.02 (AIC=510.05). 
=================================================================================
ke         0.1186 (fit: 1, initial: 0.1185) 
ku          3.166 (fit: 1, initial: 3.166) 
km        0.02554 (fit: 1, initial: 0.0255) 
kem        0.6378 (fit: 1, initial: 0.6379) 
T_A         2876. (fit: 1, initial: 2875) 
=================================================================================
Time required: 31 mins, 58.1 secs
 
The profiles found a better optimum: 250.024 (best was 250.165). 
   Re-fitting was done, so the final results are for the better optimum.
   It is a good idea to also make new plots for the fit.
Parameter values for new optimum (formatted for copy-paste) 
=================================================================================
par.ke     = [    0.1186  1       0.01        100 1]; 
par.ku     = [    3.1664  1       0.01        100 1]; 
par.km     = [  0.025535  1     0.0001        100 1]; 
par.kem    = [    0.6378  1     0.0001        100 1]; 
par.T_A    = [    2875.8  1       0.01      1e+06 1]; 
=================================================================================
  
95% confidence interval(s) from the profile(s)
=================================================================================
ke         interval:    0.05654 -  0.1534 
ku         interval:      2.973 -  3.399 
km         confidence interval is a broken set (check profile):
      interval 1:   0.01475 -  0.01531 
      interval 2:   0.01664 -  0.06883 
kem        confidence interval is a broken set (check profile):
      interval 1:    0.2390 -  0.3031 
      interval 2:    0.3349 -  1.733 
      interval 3:     1.838 -  2.057 
T_A        confidence interval is a broken set (check profile):
      interval 1:     2297. -  3593. 
      interval 2:     3682. -  3685. 
=================================================================================
 
Time required: 4 hours, 4 mins, 24.9 secs
