21-Jul-2022 (08:30) 
The profiles found a better optimum: 271.66 (best was 271.661). 
Parameter values for new optimum 
=================================================================================
par.ke     = [  0.092035  1       0.01        100 1]; 
par.ku     = [    3.0556  1       0.01        100 1]; 
par.km     = [  0.049421  1     0.0001        100 1]; 
par.kem    = [   0.88672  1     0.0001        100 1]; 
=================================================================================
  
21-Jul-2022 (08:30) 
The profiles found a better optimum: 270.26 (best was 271.661). 
Parameter values for new optimum 
=================================================================================
par.ke     = [  0.091943  1       0.01        100 1]; 
par.ku     = [     2.974  1       0.01        100 1]; 
par.km     = [  0.036801  1     0.0001        100 1]; 
par.kem    = [    1.0904  1     0.0001        100 1]; 
=================================================================================
  
21-Jul-2022 (08:31) 
The profiles found a better optimum: 270.164 (best was 271.661). 
Parameter values for new optimum 
=================================================================================
par.ke     = [  0.086258  1       0.01        100 1]; 
par.ku     = [    2.9829  1       0.01        100 1]; 
par.km     = [  0.041317  1     0.0001        100 1]; 
par.kem    = [    1.2207  1     0.0001        100 1]; 
=================================================================================
  
21-Jul-2022 (08:34) 
The profiles found a better optimum: 270.636 (best was 271.661). 
Parameter values for new optimum 
=================================================================================
par.ke     = [  0.092312  1       0.01        100 1]; 
par.ku     = [    3.0425  1       0.01        100 1]; 
par.km     = [  0.046635  1     0.0001        100 1]; 
par.kem    = [    1.3932  1     0.0001        100 1]; 
=================================================================================
  
21-Jul-2022 (08:35) 
The profiles found a better optimum: 270.635 (best was 271.661). 
Parameter values for new optimum 
=================================================================================
par.ke     = [  0.092404  1       0.01        100 1]; 
par.ku     = [    3.0425  1       0.01        100 1]; 
par.km     = [  0.046635  1     0.0001        100 1]; 
par.kem    = [    1.3932  1     0.0001        100 1]; 
=================================================================================
  
21-Jul-2022 (08:35) 
The profiles found a better optimum: 270.375 (best was 271.661). 
Parameter values for new optimum 
=================================================================================
par.ke     = [  0.092589  1       0.01        100 1]; 
par.ku     = [    3.0142  1       0.01        100 1]; 
par.km     = [  0.038817  1     0.0001        100 1]; 
par.kem    = [    1.1476  1     0.0001        100 1]; 
=================================================================================
  
21-Jul-2022 (08:35) 
The profiles found a better optimum: 270.102 (best was 271.661). 
Parameter values for new optimum 
=================================================================================
par.ke     = [  0.092774  1       0.01        100 1]; 
par.ku     = [    3.0107  1       0.01        100 1]; 
par.km     = [  0.040982  1     0.0001        100 1]; 
par.kem    = [    1.2151  1     0.0001        100 1]; 
=================================================================================
  
21-Jul-2022 (08:37) 
The profiles found a better optimum: 270.039 (best was 271.661). 
Parameter values for new optimum 
=================================================================================
par.ke     = [   0.11709  1       0.01        100 1]; 
par.ku     = [    3.0593  1       0.01        100 1]; 
par.km     = [  0.026797  1     0.0001        100 1]; 
par.kem    = [   0.75485  1     0.0001        100 1]; 
=================================================================================
  
21-Jul-2022 (08:43) 
The profiles found a better optimum: 270.428 (best was 271.661). 
Parameter values for new optimum 
=================================================================================
par.ke     = [   0.10662  1       0.01        100 1]; 
par.ku     = [    3.0525  1       0.01        100 1]; 
par.km     = [   0.02811  1     0.0001        100 1]; 
par.kem    = [   0.80995  1     0.0001        100 1]; 
=================================================================================
  
21-Jul-2022 (08:43) 
The profiles found a better optimum: 270.119 (best was 271.661). 
Parameter values for new optimum 
=================================================================================
par.ke     = [   0.11576  1       0.01        100 1]; 
par.ku     = [    3.0495  1       0.01        100 1]; 
par.km     = [  0.023048  1     0.0001        100 1]; 
par.kem    = [   0.62917  1     0.0001        100 1]; 
=================================================================================
  
21-Jul-2022 (08:43) 
The profiles found a better optimum: 270.109 (best was 271.661). 
Parameter values for new optimum 
=================================================================================
par.ke     = [   0.11524  1       0.01        100 1]; 
par.ku     = [    3.0464  1       0.01        100 1]; 
par.km     = [  0.023151  1     0.0001        100 1]; 
par.kem    = [   0.62953  1     0.0001        100 1]; 
=================================================================================
  
21-Jul-2022 (08:44) 
The profiles found a better optimum: 270.09 (best was 271.661). 
Parameter values for new optimum 
=================================================================================
par.ke     = [   0.11466  1       0.01        100 1]; 
par.ku     = [    3.0403  1       0.01        100 1]; 
par.km     = [   0.02329  1     0.0001        100 1]; 
par.kem    = [   0.63025  1     0.0001        100 1]; 
=================================================================================
  
21-Jul-2022 (08:44) 
The profiles found a better optimum: 270.082 (best was 271.661). 
Parameter values for new optimum 
=================================================================================
par.ke     = [   0.11366  1       0.01        100 1]; 
par.ku     = [    3.0281  1       0.01        100 1]; 
par.km     = [  0.023564  1     0.0001        100 1]; 
par.kem    = [   0.63148  1     0.0001        100 1]; 
=================================================================================
  
21-Jul-2022 (08:49) 
The profiles found a better optimum: 270.133 (best was 271.661). 
Parameter values for new optimum 
=================================================================================
par.ke     = [   0.11701  1       0.01        100 1]; 
par.ku     = [    3.0586  1       0.01        100 1]; 
par.km     = [  0.023359  1     0.0001        100 1]; 
par.kem    = [   0.62775  1     0.0001        100 1]; 
=================================================================================
  
21-Jul-2022 (09:00) 
The profiles found a better optimum: 270.573 (best was 271.661). 
Parameter values for new optimum 
=================================================================================
par.ke     = [  0.081892  1       0.01        100 1]; 
par.ku     = [     2.977  1       0.01        100 1]; 
par.km     = [  0.049371  1     0.0001        100 1]; 
par.kem    = [    1.4876  1     0.0001        100 1]; 
=================================================================================
  
21-Jul-2022 (09:00) 
The profiles found a better optimum: 270.562 (best was 271.661). 
Parameter values for new optimum 
=================================================================================
par.ke     = [  0.081932  1       0.01        100 1]; 
par.ku     = [    2.9783  1       0.01        100 1]; 
par.km     = [  0.049322  1     0.0001        100 1]; 
par.kem    = [    1.4877  1     0.0001        100 1]; 
=================================================================================
  
21-Jul-2022 (09:01) 
The profiles found a better optimum: 270.557 (best was 271.661). 
Parameter values for new optimum 
=================================================================================
par.ke     = [  0.081913  1       0.01        100 1]; 
par.ku     = [    2.9796  1       0.01        100 1]; 
par.km     = [  0.049223  1     0.0001        100 1]; 
par.kem    = [    1.4876  1     0.0001        100 1]; 
=================================================================================
  
21-Jul-2022 (09:02) 
The profiles found a better optimum: 270.546 (best was 271.661). 
Parameter values for new optimum 
=================================================================================
par.ke     = [  0.092883  1       0.01        100 1]; 
par.ku     = [    3.0173  1       0.01        100 1]; 
par.km     = [  0.043354  1     0.0001        100 1]; 
par.kem    = [    1.3168  1     0.0001        100 1]; 
=================================================================================
  
21-Jul-2022 (09:02) 
The profiles found a better optimum: 270.447 (best was 271.661). 
Parameter values for new optimum 
=================================================================================
par.ke     = [   0.10028  1       0.01        100 1]; 
par.ku     = [    3.0393  1       0.01        100 1]; 
par.km     = [  0.037799  1     0.0001        100 1]; 
par.kem    = [    1.1699  1     0.0001        100 1]; 
=================================================================================
  
21-Jul-2022 (09:02) 
The profiles found a better optimum: 270.154 (best was 271.661). 
Parameter values for new optimum 
=================================================================================
par.ke     = [   0.11427  1       0.01        100 1]; 
par.ku     = [    3.0405  1       0.01        100 1]; 
par.km     = [  0.028113  1     0.0001        100 1]; 
par.kem    = [   0.75694  1     0.0001        100 1]; 
=================================================================================
  
21-Jul-2022 (09:11) 
The profiles found a better optimum: 270.552 (best was 271.661). 
Parameter values for new optimum 
=================================================================================
par.ke     = [  0.085787  1       0.01        100 1]; 
par.ku     = [    3.0144  1       0.01        100 1]; 
par.km     = [   0.04947  1     0.0001        100 1]; 
par.kem    = [    1.4813  1     0.0001        100 1]; 
=================================================================================
  
21-Jul-2022 (09:12) 
The profiles found a better optimum: 270.407 (best was 271.661). 
Parameter values for new optimum 
=================================================================================
par.ke     = [  0.079462  1       0.01        100 1]; 
par.ku     = [     3.023  1       0.01        100 1]; 
par.km     = [  0.056021  1     0.0001        100 1]; 
par.kem    = [     1.721  1     0.0001        100 1]; 
=================================================================================
  
21-Jul-2022 (09:25) 
The profiles found a better optimum: 270.508 (best was 271.661). 
Parameter values for new optimum 
=================================================================================
par.ke     = [   0.11016  1       0.01        100 1]; 
par.ku     = [    3.0692  1       0.01        100 1]; 
par.km     = [  0.030514  1     0.0001        100 1]; 
par.kem    = [   0.88583  1     0.0001        100 1]; 
=================================================================================
  
21-Jul-2022 (09:25) 
The profiles found a better optimum: 270.355 (best was 271.661). 
Parameter values for new optimum 
=================================================================================
par.ke     = [   0.10364  1       0.01        100 1]; 
par.ku     = [     3.012  1       0.01        100 1]; 
par.km     = [  0.030035  1     0.0001        100 1]; 
par.kem    = [   0.87259  1     0.0001        100 1]; 
=================================================================================
  
21-Jul-2022 (09:26) 
The profiles found a better optimum: 270.352 (best was 271.661). 
Parameter values for new optimum 
=================================================================================
par.ke     = [   0.11291  1       0.01        100 1]; 
par.ku     = [     3.035  1       0.01        100 1]; 
par.km     = [  0.024683  1     0.0001        100 1]; 
par.kem    = [   0.67277  1     0.0001        100 1]; 
=================================================================================
  
21-Jul-2022 (09:32) 
The profiles found a better optimum: 270.498 (best was 271.661). 
Parameter values for new optimum 
=================================================================================
par.ke     = [    0.1068  1       0.01        100 1]; 
par.ku     = [    3.0357  1       0.01        100 1]; 
par.km     = [  0.030807  1     0.0001        100 1]; 
par.kem    = [   0.88761  1     0.0001        100 1]; 
=================================================================================
  
21-Jul-2022 (09:32) 
The profiles found a better optimum: 270.487 (best was 271.661). 
Parameter values for new optimum 
=================================================================================
par.ke     = [   0.10527  1       0.01        100 1]; 
par.ku     = [    3.0359  1       0.01        100 1]; 
par.km     = [   0.03068  1     0.0001        100 1]; 
par.kem    = [   0.88849  1     0.0001        100 1]; 
=================================================================================
  
21-Jul-2022 (09:32) 
The profiles found a better optimum: 270.415 (best was 271.661). 
Parameter values for new optimum 
=================================================================================
par.ke     = [   0.10624  1       0.01        100 1]; 
par.ku     = [    3.0404  1       0.01        100 1]; 
par.km     = [  0.030838  1     0.0001        100 1]; 
par.kem    = [   0.89027  1     0.0001        100 1]; 
=================================================================================
  
21-Jul-2022 (09:32) 
The profiles found a better optimum: 270.396 (best was 271.661). 
Parameter values for new optimum 
=================================================================================
par.ke     = [   0.10328  1       0.01        100 1]; 
par.ku     = [    3.0183  1       0.01        100 1]; 
par.km     = [  0.030561  1     0.0001        100 1]; 
par.kem    = [   0.89383  1     0.0001        100 1]; 
=================================================================================
  
21-Jul-2022 (09:33) 
The profiles found a better optimum: 270.299 (best was 271.661). 
Parameter values for new optimum 
=================================================================================
par.ke     = [   0.10117  1       0.01        100 1]; 
par.ku     = [    3.0023  1       0.01        100 1]; 
par.km     = [  0.032204  1     0.0001        100 1]; 
par.kem    = [   0.93748  1     0.0001        100 1]; 
=================================================================================
  
