=================================================================================
Results of the parameter estimation with BYOM version 6.2 (27/06/2022)
=================================================================================
   Filename      : byom_TK1_IMI 
   Analysis date : 19-Jul-2022 (14:44) 
   Data entered  :
     data state 1(1): 6x3, continuous data, no transf.
     data state 1(2): 6x3, continuous data, no transf.
     data state 1(3): 6x3, continuous data, no transf.
     data state 2(1): 0x0, no data.
     data state 2(2): 6x3, continuous data, no transf.
     data state 2(3): 6x3, continuous data, no transf.
   Search method: Nelder-Mead simplex direct search, 2 rounds. 
     The optimisation routine has converged to a solution
     Total 190 simplex iterations used to optimise. 
     Minus log-likelihood has reached the value 271.58 (AIC=551.16). 
=================================================================================
ke        0.09172 (fit: 1, initial: 0.1399) 
ku          3.041 (fit: 1, initial: 3.037) 
km        0.04913 (fit: 1, initial: 0.04252) 
kem        0.8589 (fit: 1, initial: 0.8249) 
=================================================================================
Time required: 2.8 secs
=================================================================================
Results of the parameter estimation with BYOM version 6.2 (27/06/2022)
=================================================================================
   Filename      : byom_TK1_IMI 
   Analysis date : 19-Jul-2022 (14:47) 
   Data entered  :
     data state 1(1): 6x3, continuous data, no transf.
     data state 1(2): 6x3, continuous data, no transf.
     data state 1(3): 6x3, continuous data, no transf.
     data state 2(1): 0x0, no data.
     data state 2(2): 6x3, continuous data, no transf.
     data state 2(3): 6x3, continuous data, no transf.
   Search method: Nelder-Mead simplex direct search, 2 rounds. 
     The optimisation routine has converged to a solution
     Total 61 simplex iterations used to optimise. 
     Minus log-likelihood has reached the value 271.66 (AIC=551.32). 
=================================================================================
ke        0.09213 (fit: 1, initial: 0.09172) 
ku          3.056 (fit: 1, initial: 3.041) 
km        0.04942 (fit: 1, initial: 0.04913) 
kem        0.8867 (fit: 1, initial: 0.8589) 
=================================================================================
Time required: 1.2 secs
=================================================================================
Results of the parameter estimation with BYOM version 6.2 (27/06/2022)
=================================================================================
   Filename      : byom_TK1_IMI 
   Analysis date : 19-Jul-2022 (14:50) 
   Data entered  :
     data state 1(1): 6x3, continuous data, no transf.
     data state 1(2): 6x3, continuous data, no transf.
     data state 1(3): 6x3, continuous data, no transf.
     data state 2(1): 0x0, no data.
     data state 2(2): 6x3, continuous data, no transf.
     data state 2(3): 6x3, continuous data, no transf.
   Search method: Nelder-Mead simplex direct search, 2 rounds. 
     The optimisation routine has converged to a solution
     Total 61 simplex iterations used to optimise. 
     Minus log-likelihood has reached the value 271.66 (AIC=551.32). 
=================================================================================
ke        0.09213 (fit: 1, initial: 0.09172) 
ku          3.056 (fit: 1, initial: 3.041) 
km        0.04942 (fit: 1, initial: 0.04913) 
kem        0.8867 (fit: 1, initial: 0.8589) 
=================================================================================
Time required: 1.1 secs
 
Calculating profiles and sample from confidence region ... please be patient.
[Warning: Better optimum was found, initiating new optimisation] 
Goodness-of-fit measures for each state and each data set (R-square)
Based on the individual replicates, accounting for transformations, and including t=0
state 1.  -0.35   0.95   0.78
state 2.    NaN -14.49   0.14
=================================================================================
Results of the parameter estimation with BYOM version 6.2 (27/06/2022)
=================================================================================
   Filename      : byom_TK1_IMI 
   Analysis date : 19-Jul-2022 (14:50) 
   Data entered  :
     data state 1(1): 6x3, continuous data, no transf.
     data state 1(2): 6x3, continuous data, no transf.
     data state 1(3): 6x3, continuous data, no transf.
     data state 2(1): 0x0, no data.
     data state 2(2): 6x3, continuous data, no transf.
     data state 2(3): 6x3, continuous data, no transf.
   Search method: Nelder-Mead simplex direct search, 2 rounds. 
     The optimisation routine has converged to a solution
     Total 128 simplex iterations used to optimise. 
     Minus log-likelihood has reached the value 271.63 (AIC=551.25). 
=================================================================================
ke        0.09075 (fit: 1, initial: 0.09148) 
ku          3.055 (fit: 1, initial: 3.059) 
km        0.05023 (fit: 1, initial: 0.04953) 
kem        0.8871 (fit: 1, initial: 0.8867) 
=================================================================================
Time required: 9.9 secs
=================================================================================
Results of the parameter estimation with BYOM version 6.2 (27/06/2022)
=================================================================================
   Filename      : byom_TK1_IMI 
   Analysis date : 19-Jul-2022 (14:50) 
   Data entered  :
     data state 1(1): 6x3, continuous data, no transf.
     data state 1(2): 6x3, continuous data, no transf.
     data state 1(3): 6x3, continuous data, no transf.
     data state 2(1): 0x0, no data.
     data state 2(2): 6x3, continuous data, no transf.
     data state 2(3): 6x3, continuous data, no transf.
   Search method: Nelder-Mead simplex direct search, 2 rounds. 
     The optimisation routine has converged to a solution
     Total 87 simplex iterations used to optimise. 
     Minus log-likelihood has reached the value 271.22 (AIC=550.44). 
=================================================================================
ke        0.08290 (fit: 1, initial: 0.08245) 
ku          3.051 (fit: 1, initial: 3.05) 
km        0.05441 (fit: 1, initial: 0.0545) 
kem        0.9791 (fit: 1, initial: 0.9793) 
=================================================================================
Time required: 19.3 secs
=================================================================================
Results of the parameter estimation with BYOM version 6.2 (27/06/2022)
=================================================================================
   Filename      : byom_TK1_IMI 
   Analysis date : 19-Jul-2022 (14:50) 
   Data entered  :
     data state 1(1): 6x3, continuous data, no transf.
     data state 1(2): 6x3, continuous data, no transf.
     data state 1(3): 6x3, continuous data, no transf.
     data state 2(1): 0x0, no data.
     data state 2(2): 6x3, continuous data, no transf.
     data state 2(3): 6x3, continuous data, no transf.
   Search method: Nelder-Mead simplex direct search, 2 rounds. 
     The optimisation routine has converged to a solution
     Total 132 simplex iterations used to optimise. 
     Minus log-likelihood has reached the value 270.92 (AIC=549.85). 
=================================================================================
ke        0.08024 (fit: 1, initial: 0.08035) 
ku          3.031 (fit: 1, initial: 3.031) 
km        0.05757 (fit: 1, initial: 0.05754) 
kem         1.044 (fit: 1, initial: 1.044) 
=================================================================================
Time required: 27.0 secs
=================================================================================
Results of the parameter estimation with BYOM version 6.2 (27/06/2022)
=================================================================================
   Filename      : byom_TK1_IMI 
   Analysis date : 19-Jul-2022 (14:50) 
   Data entered  :
     data state 1(1): 6x3, continuous data, no transf.
     data state 1(2): 6x3, continuous data, no transf.
     data state 1(3): 6x3, continuous data, no transf.
     data state 2(1): 0x0, no data.
     data state 2(2): 6x3, continuous data, no transf.
     data state 2(3): 6x3, continuous data, no transf.
   Search method: Nelder-Mead simplex direct search, 2 rounds. 
     The optimisation routine has converged to a solution
     Total 128 simplex iterations used to optimise. 
     Minus log-likelihood has reached the value 270.81 (AIC=549.63). 
=================================================================================
ke        0.07752 (fit: 1, initial: 0.07529) 
ku          3.026 (fit: 1, initial: 3.004) 
km        0.05958 (fit: 1, initial: 0.05878) 
kem         1.082 (fit: 1, initial: 1.085) 
=================================================================================
Time required: 35.9 secs
=================================================================================
Results of the parameter estimation with BYOM version 6.2 (27/06/2022)
=================================================================================
   Filename      : byom_TK1_IMI 
   Analysis date : 19-Jul-2022 (14:51) 
   Data entered  :
     data state 1(1): 6x3, continuous data, no transf.
     data state 1(2): 6x3, continuous data, no transf.
     data state 1(3): 6x3, continuous data, no transf.
     data state 2(1): 0x0, no data.
     data state 2(2): 6x3, continuous data, no transf.
     data state 2(3): 6x3, continuous data, no transf.
   Search method: Nelder-Mead simplex direct search, 2 rounds. 
     The optimisation routine has converged to a solution
     Total 145 simplex iterations used to optimise. 
     Minus log-likelihood has reached the value 270.54 (AIC=549.08). 
=================================================================================
ke        0.06440 (fit: 1, initial: 0.06372) 
ku          2.994 (fit: 1, initial: 2.991) 
km        0.06572 (fit: 1, initial: 0.06636) 
kem         1.218 (fit: 1, initial: 1.219) 
=================================================================================
Time required: 46.2 secs
=================================================================================
Results of the parameter estimation with BYOM version 6.2 (27/06/2022)
=================================================================================
   Filename      : byom_TK1_IMI 
   Analysis date : 19-Jul-2022 (14:51) 
   Data entered  :
     data state 1(1): 6x3, continuous data, no transf.
     data state 1(2): 6x3, continuous data, no transf.
     data state 1(3): 6x3, continuous data, no transf.
     data state 2(1): 0x0, no data.
     data state 2(2): 6x3, continuous data, no transf.
     data state 2(3): 6x3, continuous data, no transf.
   Search method: Nelder-Mead simplex direct search, 2 rounds. 
     The optimisation routine has converged to a solution
     Total 113 simplex iterations used to optimise. 
     Minus log-likelihood has reached the value 270.50 (AIC=549.01). 
=================================================================================
ke        0.06639 (fit: 1, initial: 0.06641) 
ku          3.005 (fit: 1, initial: 3.003) 
km        0.06591 (fit: 1, initial: 0.06526) 
kem         1.216 (fit: 1, initial: 1.217) 
=================================================================================
Time required: 1 min, 27.4 secs
=================================================================================
Results of the parameter estimation with BYOM version 6.2 (27/06/2022)
=================================================================================
   Filename      : byom_TK1_IMI 
   Analysis date : 19-Jul-2022 (14:52) 
   Data entered  :
     data state 1(1): 6x3, continuous data, no transf.
     data state 1(2): 6x3, continuous data, no transf.
     data state 1(3): 6x3, continuous data, no transf.
     data state 2(1): 0x0, no data.
     data state 2(2): 6x3, continuous data, no transf.
     data state 2(3): 6x3, continuous data, no transf.
   Search method: Nelder-Mead simplex direct search, 2 rounds. 
     The optimisation routine has converged to a solution
     Total 140 simplex iterations used to optimise. 
     Minus log-likelihood has reached the value 270.48 (AIC=548.97). 
=================================================================================
ke        0.07027 (fit: 1, initial: 0.07066) 
ku          3.028 (fit: 1, initial: 3.03) 
km        0.06538 (fit: 1, initial: 0.06565) 
kem         1.213 (fit: 1, initial: 1.212) 
=================================================================================
Time required: 2 mins, 10.4 secs
=================================================================================
Results of the parameter estimation with BYOM version 6.2 (27/06/2022)
=================================================================================
   Filename      : byom_TK1_IMI 
   Analysis date : 19-Jul-2022 (14:54) 
   Data entered  :
     data state 1(1): 6x3, continuous data, no transf.
     data state 1(2): 6x3, continuous data, no transf.
     data state 1(3): 6x3, continuous data, no transf.
     data state 2(1): 0x0, no data.
     data state 2(2): 6x3, continuous data, no transf.
     data state 2(3): 6x3, continuous data, no transf.
   Search method: Nelder-Mead simplex direct search, 2 rounds. 
     The optimisation routine has converged to a solution
     Total 104 simplex iterations used to optimise. 
     Minus log-likelihood has reached the value 270.21 (AIC=548.41). 
=================================================================================
ke        0.09928 (fit: 1, initial: 0.09989) 
ku          3.020 (fit: 1, initial: 3.026) 
km        0.03657 (fit: 1, initial: 0.03622) 
kem         1.083 (fit: 1, initial: 1.082) 
=================================================================================
Time required: 4 mins, 20.5 secs
=================================================================================
Results of the parameter estimation with BYOM version 6.2 (27/06/2022)
=================================================================================
   Filename      : byom_TK1_IMI 
   Analysis date : 19-Jul-2022 (14:56) 
   Data entered  :
     data state 1(1): 6x3, continuous data, no transf.
     data state 1(2): 6x3, continuous data, no transf.
     data state 1(3): 6x3, continuous data, no transf.
     data state 2(1): 0x0, no data.
     data state 2(2): 6x3, continuous data, no transf.
     data state 2(3): 6x3, continuous data, no transf.
   Search method: Nelder-Mead simplex direct search, 2 rounds. 
     The optimisation routine has converged to a solution
     Total 118 simplex iterations used to optimise. 
     Minus log-likelihood has reached the value 270.07 (AIC=548.14). 
=================================================================================
ke         0.1103 (fit: 1, initial: 0.1109) 
ku          3.023 (fit: 1, initial: 3.027) 
km        0.02648 (fit: 1, initial: 0.02633) 
kem        0.7400 (fit: 1, initial: 0.7395) 
=================================================================================
Time required: 6 mins, 24.0 secs
=================================================================================
Results of the parameter estimation with BYOM version 6.2 (27/06/2022)
=================================================================================
   Filename      : byom_TK1_IMI 
   Analysis date : 19-Jul-2022 (14:56) 
   Data entered  :
     data state 1(1): 6x3, continuous data, no transf.
     data state 1(2): 6x3, continuous data, no transf.
     data state 1(3): 6x3, continuous data, no transf.
     data state 2(1): 0x0, no data.
     data state 2(2): 6x3, continuous data, no transf.
     data state 2(3): 6x3, continuous data, no transf.
   Search method: Nelder-Mead simplex direct search, 2 rounds. 
     The optimisation routine has converged to a solution
     Total 225 simplex iterations used to optimise. 
     Minus log-likelihood has reached the value 269.93 (AIC=547.85). 
=================================================================================
ke         0.1078 (fit: 1, initial: 0.1101) 
ku          3.019 (fit: 1, initial: 3.03) 
km        0.02702 (fit: 1, initial: 0.02681) 
kem        0.7615 (fit: 1, initial: 0.7597) 
=================================================================================
Time required: 6 mins, 29.3 secs
 
The profiles found a better optimum: 269.927 (best was 271.661). 
   Re-fitting was done, so the final results are for the better optimum.
   It is a good idea to also make new plots for the fit.
Parameter values for new optimum (formatted for copy-paste) 
=================================================================================
par.ke     = [   0.10783  1       0.01        100 1]; 
par.ku     = [    3.0193  1       0.01        100 1]; 
par.km     = [  0.027023  1     0.0001        100 1]; 
par.kem    = [   0.76154  1     0.0001        100 1]; 
=================================================================================
  
95% confidence interval(s) from the profile(s)
=================================================================================
ke         interval:    0.07656 -  0.1450 
ku         interval:      2.800 -  3.217 
km         confidence interval is a broken set (check profile):
      interval 1:   0.01417 -  0.01492 
      interval 2:   0.01576 -  0.1369 
kem        interval:     0.2749 -  4.351 
=================================================================================
 
Time required: 10 mins, 55.1 secs
=================================================================================
Results of the parameter estimation with BYOM version 6.2 (27/06/2022)
=================================================================================
   Filename      : byom_TK_IMI 
   Analysis date : 20-Jul-2022 (18:21) 
   Data entered  :
     data state 1(1): 6x3, continuous data, no transf.
     data state 1(2): 6x3, continuous data, no transf.
     data state 1(3): 6x3, continuous data, no transf.
     data state 2(1): 0x0, no data.
     data state 2(2): 6x3, continuous data, no transf.
     data state 2(3): 6x3, continuous data, no transf.
   Search method: Nelder-Mead simplex direct search, 2 rounds. 
     The optimisation routine has converged to a solution
     Total 61 simplex iterations used to optimise. 
     Minus log-likelihood has reached the value 271.66 (AIC=551.32). 
=================================================================================
ke        0.09213 (fit: 1, initial: 0.09172) 
ku          3.056 (fit: 1, initial: 3.041) 
km        0.04942 (fit: 1, initial: 0.04913) 
kem        0.8867 (fit: 1, initial: 0.8589) 
=================================================================================
Time required: 1.9 secs
 
Calculating profiles and sample from confidence region ... please be patient.
[Warning: Better optimum was found, initiating new optimisation] 
Goodness-of-fit measures for each state and each data set (R-square)
Based on the individual replicates, accounting for transformations, and including t=0
state 1.  -0.35   0.95   0.78
state 2.    NaN -14.49   0.14
=================================================================================
Results of the parameter estimation with BYOM version 6.2 (27/06/2022)
=================================================================================
   Filename      : byom_TK_IMI 
   Analysis date : 20-Jul-2022 (18:22) 
   Data entered  :
     data state 1(1): 6x3, continuous data, no transf.
     data state 1(2): 6x3, continuous data, no transf.
     data state 1(3): 6x3, continuous data, no transf.
     data state 2(1): 0x0, no data.
     data state 2(2): 6x3, continuous data, no transf.
     data state 2(3): 6x3, continuous data, no transf.
   Search method: Nelder-Mead simplex direct search, 2 rounds. 
     The optimisation routine has converged to a solution
     Total 128 simplex iterations used to optimise. 
     Minus log-likelihood has reached the value 271.63 (AIC=551.25). 
=================================================================================
ke        0.09075 (fit: 1, initial: 0.09148) 
ku          3.055 (fit: 1, initial: 3.059) 
km        0.05023 (fit: 1, initial: 0.04953) 
kem        0.8871 (fit: 1, initial: 0.8867) 
=================================================================================
Time required: 13.0 secs
=================================================================================
Results of the parameter estimation with BYOM version 6.2 (27/06/2022)
=================================================================================
   Filename      : byom_TK_IMI 
   Analysis date : 20-Jul-2022 (18:22) 
   Data entered  :
     data state 1(1): 6x3, continuous data, no transf.
     data state 1(2): 6x3, continuous data, no transf.
     data state 1(3): 6x3, continuous data, no transf.
     data state 2(1): 0x0, no data.
     data state 2(2): 6x3, continuous data, no transf.
     data state 2(3): 6x3, continuous data, no transf.
   Search method: Nelder-Mead simplex direct search, 2 rounds. 
     The optimisation routine has converged to a solution
     Total 87 simplex iterations used to optimise. 
     Minus log-likelihood has reached the value 271.22 (AIC=550.44). 
=================================================================================
ke        0.08290 (fit: 1, initial: 0.08245) 
ku          3.051 (fit: 1, initial: 3.05) 
km        0.05441 (fit: 1, initial: 0.0545) 
kem        0.9791 (fit: 1, initial: 0.9793) 
=================================================================================
Time required: 27.8 secs
=================================================================================
Results of the parameter estimation with BYOM version 6.2 (27/06/2022)
=================================================================================
   Filename      : byom_TK_IMI 
   Analysis date : 20-Jul-2022 (18:22) 
   Data entered  :
     data state 1(1): 6x3, continuous data, no transf.
     data state 1(2): 6x3, continuous data, no transf.
     data state 1(3): 6x3, continuous data, no transf.
     data state 2(1): 0x0, no data.
     data state 2(2): 6x3, continuous data, no transf.
     data state 2(3): 6x3, continuous data, no transf.
   Search method: Nelder-Mead simplex direct search, 2 rounds. 
     The optimisation routine has converged to a solution
     Total 132 simplex iterations used to optimise. 
     Minus log-likelihood has reached the value 270.92 (AIC=549.85). 
=================================================================================
ke        0.08024 (fit: 1, initial: 0.08035) 
ku          3.031 (fit: 1, initial: 3.031) 
km        0.05757 (fit: 1, initial: 0.05754) 
kem         1.044 (fit: 1, initial: 1.044) 
=================================================================================
Time required: 38.9 secs
=================================================================================
Results of the parameter estimation with BYOM version 6.2 (27/06/2022)
=================================================================================
   Filename      : byom_TK_IMI 
   Analysis date : 20-Jul-2022 (18:22) 
   Data entered  :
     data state 1(1): 6x3, continuous data, no transf.
     data state 1(2): 6x3, continuous data, no transf.
     data state 1(3): 6x3, continuous data, no transf.
     data state 2(1): 0x0, no data.
     data state 2(2): 6x3, continuous data, no transf.
     data state 2(3): 6x3, continuous data, no transf.
   Search method: Nelder-Mead simplex direct search, 2 rounds. 
     The optimisation routine has converged to a solution
     Total 128 simplex iterations used to optimise. 
     Minus log-likelihood has reached the value 270.81 (AIC=549.63). 
=================================================================================
ke        0.07752 (fit: 1, initial: 0.07529) 
ku          3.026 (fit: 1, initial: 3.004) 
km        0.05958 (fit: 1, initial: 0.05878) 
kem         1.082 (fit: 1, initial: 1.085) 
=================================================================================
Time required: 51.9 secs
=================================================================================
Results of the parameter estimation with BYOM version 6.2 (27/06/2022)
=================================================================================
   Filename      : byom_TK_IMI 
   Analysis date : 20-Jul-2022 (18:23) 
   Data entered  :
     data state 1(1): 6x3, continuous data, no transf.
     data state 1(2): 6x3, continuous data, no transf.
     data state 1(3): 6x3, continuous data, no transf.
     data state 2(1): 0x0, no data.
     data state 2(2): 6x3, continuous data, no transf.
     data state 2(3): 6x3, continuous data, no transf.
   Search method: Nelder-Mead simplex direct search, 2 rounds. 
     The optimisation routine has converged to a solution
     Total 145 simplex iterations used to optimise. 
     Minus log-likelihood has reached the value 270.54 (AIC=549.08). 
=================================================================================
ke        0.06440 (fit: 1, initial: 0.06372) 
ku          2.994 (fit: 1, initial: 2.991) 
km        0.06572 (fit: 1, initial: 0.06636) 
kem         1.218 (fit: 1, initial: 1.219) 
=================================================================================
Time required: 1 min, 8.2 secs
=================================================================================
Results of the parameter estimation with BYOM version 6.2 (27/06/2022)
=================================================================================
   Filename      : byom_TK_IMI 
   Analysis date : 20-Jul-2022 (18:24) 
   Data entered  :
     data state 1(1): 6x3, continuous data, no transf.
     data state 1(2): 6x3, continuous data, no transf.
     data state 1(3): 6x3, continuous data, no transf.
     data state 2(1): 0x0, no data.
     data state 2(2): 6x3, continuous data, no transf.
     data state 2(3): 6x3, continuous data, no transf.
   Search method: Nelder-Mead simplex direct search, 2 rounds. 
     The optimisation routine has converged to a solution
     Total 113 simplex iterations used to optimise. 
     Minus log-likelihood has reached the value 270.50 (AIC=549.01). 
=================================================================================
ke        0.06639 (fit: 1, initial: 0.06641) 
ku          3.005 (fit: 1, initial: 3.003) 
km        0.06591 (fit: 1, initial: 0.06526) 
kem         1.216 (fit: 1, initial: 1.217) 
=================================================================================
Time required: 2 mins, 15.7 secs
=================================================================================
Results of the parameter estimation with BYOM version 6.2 (27/06/2022)
=================================================================================
   Filename      : byom_TK_IMI 
   Analysis date : 20-Jul-2022 (18:25) 
   Data entered  :
     data state 1(1): 6x3, continuous data, no transf.
     data state 1(2): 6x3, continuous data, no transf.
     data state 1(3): 6x3, continuous data, no transf.
     data state 2(1): 0x0, no data.
     data state 2(2): 6x3, continuous data, no transf.
     data state 2(3): 6x3, continuous data, no transf.
   Search method: Nelder-Mead simplex direct search, 2 rounds. 
     The optimisation routine has converged to a solution
     Total 140 simplex iterations used to optimise. 
     Minus log-likelihood has reached the value 270.48 (AIC=548.97). 
=================================================================================
ke        0.07027 (fit: 1, initial: 0.07066) 
ku          3.028 (fit: 1, initial: 3.03) 
km        0.06538 (fit: 1, initial: 0.06565) 
kem         1.213 (fit: 1, initial: 1.212) 
=================================================================================
Time required: 3 mins, 26.1 secs
=================================================================================
Results of the parameter estimation with BYOM version 6.2 (27/06/2022)
=================================================================================
   Filename      : byom_TK_IMI 
   Analysis date : 20-Jul-2022 (18:28) 
   Data entered  :
     data state 1(1): 6x3, continuous data, no transf.
     data state 1(2): 6x3, continuous data, no transf.
     data state 1(3): 6x3, continuous data, no transf.
     data state 2(1): 0x0, no data.
     data state 2(2): 6x3, continuous data, no transf.
     data state 2(3): 6x3, continuous data, no transf.
   Search method: Nelder-Mead simplex direct search, 2 rounds. 
     The optimisation routine has converged to a solution
     Total 104 simplex iterations used to optimise. 
     Minus log-likelihood has reached the value 270.21 (AIC=548.41). 
=================================================================================
ke        0.09928 (fit: 1, initial: 0.09989) 
ku          3.020 (fit: 1, initial: 3.026) 
km        0.03657 (fit: 1, initial: 0.03622) 
kem         1.083 (fit: 1, initial: 1.082) 
=================================================================================
Time required: 6 mins, 58.1 secs
=================================================================================
Results of the parameter estimation with BYOM version 6.2 (27/06/2022)
=================================================================================
   Filename      : byom_TK_IMI 
   Analysis date : 20-Jul-2022 (18:32) 
   Data entered  :
     data state 1(1): 6x3, continuous data, no transf.
     data state 1(2): 6x3, continuous data, no transf.
     data state 1(3): 6x3, continuous data, no transf.
     data state 2(1): 0x0, no data.
     data state 2(2): 6x3, continuous data, no transf.
     data state 2(3): 6x3, continuous data, no transf.
   Search method: Nelder-Mead simplex direct search, 2 rounds. 
     The optimisation routine has converged to a solution
     Total 118 simplex iterations used to optimise. 
     Minus log-likelihood has reached the value 270.07 (AIC=548.14). 
=================================================================================
ke         0.1103 (fit: 1, initial: 0.1109) 
ku          3.023 (fit: 1, initial: 3.027) 
km        0.02648 (fit: 1, initial: 0.02633) 
kem        0.7400 (fit: 1, initial: 0.7395) 
=================================================================================
Time required: 10 mins, 9.2 secs
=================================================================================
Results of the parameter estimation with BYOM version 6.2 (27/06/2022)
=================================================================================
   Filename      : byom_TK_IMI 
   Analysis date : 20-Jul-2022 (18:32) 
   Data entered  :
     data state 1(1): 6x3, continuous data, no transf.
     data state 1(2): 6x3, continuous data, no transf.
     data state 1(3): 6x3, continuous data, no transf.
     data state 2(1): 0x0, no data.
     data state 2(2): 6x3, continuous data, no transf.
     data state 2(3): 6x3, continuous data, no transf.
   Search method: Nelder-Mead simplex direct search, 2 rounds. 
     The optimisation routine has converged to a solution
     Total 225 simplex iterations used to optimise. 
     Minus log-likelihood has reached the value 269.93 (AIC=547.85). 
=================================================================================
ke         0.1078 (fit: 1, initial: 0.1101) 
ku          3.019 (fit: 1, initial: 3.03) 
km        0.02702 (fit: 1, initial: 0.02681) 
kem        0.7615 (fit: 1, initial: 0.7597) 
=================================================================================
Time required: 10 mins, 17.0 secs
 
The profiles found a better optimum: 269.927 (best was 271.661). 
   Re-fitting was done, so the final results are for the better optimum.
   It is a good idea to also make new plots for the fit.
Parameter values for new optimum (formatted for copy-paste) 
=================================================================================
par.ke     = [   0.10783  1       0.01        100 1]; 
par.ku     = [    3.0193  1       0.01        100 1]; 
par.km     = [  0.027023  1     0.0001        100 1]; 
par.kem    = [   0.76154  1     0.0001        100 1]; 
=================================================================================
  
95% confidence interval(s) from the profile(s)
=================================================================================
ke         interval:    0.07656 -  0.1450 
ku         interval:      2.800 -  3.217 
km         confidence interval is a broken set (check profile):
      interval 1:   0.01417 -  0.01492 
      interval 2:   0.01576 -  0.1369 
kem        interval:     0.2749 -  4.351 
=================================================================================
 
Time required: 16 mins, 59.8 secs
=================================================================================
Results of the parameter estimation with BYOM version 6.2 (27/06/2022)
=================================================================================
   Filename      : byom_TK_IMI 
   Analysis date : 21-Jul-2022 (08:29) 
   Data entered  :
     data state 1(1): 6x3, continuous data, no transf.
     data state 1(2): 6x3, continuous data, no transf.
     data state 1(3): 6x3, continuous data, no transf.
     data state 2(1): 0x0, no data.
     data state 2(2): 6x3, continuous data, no transf.
     data state 2(3): 6x3, continuous data, no transf.
   Search method: Nelder-Mead simplex direct search, 2 rounds. 
     The optimisation routine has converged to a solution
     Total 61 simplex iterations used to optimise. 
     Minus log-likelihood has reached the value 271.66 (AIC=551.32). 
=================================================================================
ke        0.09213 (fit: 1, initial: 0.09172) 
ku          3.056 (fit: 1, initial: 3.041) 
km        0.04942 (fit: 1, initial: 0.04913) 
kem        0.8867 (fit: 1, initial: 0.8589) 
=================================================================================
Time required: 1.6 secs
 
Calculating profiles and sample from confidence region ... please be patient.
